<?xml version="1.0" encoding="UTF-8"?>
<!-- Generated by org.testng.reporters.JUnitXMLReporter -->
<testsuite hostname="IMCNBCP244-MSL2" ignored="0" name="Test" tests="1" failures="1" timestamp="2023-01-25T16:38:48 IST" time="28.324" errors="0">
  <testcase name="AddBookToCart" time="18.101" classname="AutomationTesting.TestCases2">
    <failure type="java.lang.AssertionError" message="expected [true] but found [false]">
      <![CDATA[java.lang.AssertionError: expected [true] but found [false]
at AutomationTesting.TestCases2.AddBookToCart(TestCases2.java:17)
at java.util.ArrayList.forEach(ArrayList.java:1259)
... Removed 35 stack frames]]>
    </failure>
  </testcase> <!-- AddBookToCart -->
</testsuite> <!-- Test -->
